[2025-05-05 12:07:34] migration-manager.INFO: Migration created {"name":"2025_05_05_120734_brand","path":"/app/src/Migration/Migrations/2025_05_05_120734_brand.php"} 
[2025-05-05 12:10:17] migration-manager.INFO: Migration created {"name":"d_2025_05_05_121017_brand","path":"/app/src/Migration/Migrations/d_2025_05_05_121017_brand.php"} 
[2025-05-05 12:12:59] migration-manager.INFO: No migrations to run  
[2025-05-05 12:13:46] migration-manager.INFO: No migrations to run  
[2025-05-05 12:14:25] migration-manager.INFO: No migrations to run  
[2025-05-05 12:19:05] migration-manager.INFO: Running migration {"migration":"WB\\Parser\\Migration\\Migrations\\d20250505121017droptmpbrand"} 
[2025-05-05 12:19:05] migration-manager.ERROR: Migration failed {"migration":"WB\\Parser\\Migration\\Migrations\\d20250505121017droptmpbrand","error":"Syntax error (Multi-statements are not allowed): failed at position 41 (end of query) (line 2, col 40): ;
            drop table if exists brands_kafka;
            drop table if exists brands_mv;
        . . (SYNTAX_ERROR) 
IN:
            drop table if exists brands;
            drop table if exists brands_kafka;
            drop table if exists brands_mv;
        "} 
[2025-05-05 12:21:34] migration-manager.INFO: Migration created {"name":"d_2025_05_05_122134_drop_old_brand","path":"/app/src/Migration/Migrations/d_2025_05_05_122134_drop_old_brand.php"} 
[2025-05-05 12:22:20] migration-manager.INFO: Running migration {"migration":"WB\\Parser\\Migration\\Migrations\\d_2025_05_05_122134_drop_old_brand"} 
[2025-05-05 12:22:20] migration-manager.INFO: Migration completed {"migration":"WB\\Parser\\Migration\\Migrations\\d_2025_05_05_122134_drop_old_brand"} 
[2025-05-05 12:23:01] migration-manager.INFO: No migrations to run  
[2025-05-05 12:23:47] migration-manager.INFO: Resetting migration {"migration":"WB\\Parser\\Migration\\Migrations\\d_2025_05_05_122134_drop_old_brand"} 
[2025-05-05 12:23:47] migration-manager.ERROR: Reset failed {"migration":"WB\\Parser\\Migration\\Migrations\\d_2025_05_05_122134_drop_old_brand","error":"Empty query. (SYNTAX_ERROR) 
IN:
            -- Ваш SQL-код для отката миграции
        "} 
[2025-05-05 12:23:47] migration-manager.INFO: Running migration {"migration":"WB\\Parser\\Migration\\Migrations\\d_2025_05_05_122134_drop_old_brand"} 
[2025-05-05 12:23:52] migration-manager.INFO: Migration completed {"migration":"WB\\Parser\\Migration\\Migrations\\d_2025_05_05_122134_drop_old_brand"} 
[2025-05-05 12:24:17] migration-manager.INFO: Migration created {"name":"d_2025_05_05_122417_create_brand_table","path":"/app/src/Migration/Migrations/d_2025_05_05_122417_create_brand_table.php"} 
[2025-05-05 12:25:54] migration-manager.INFO: Running migration {"migration":"WB\\Parser\\Migration\\Migrations\\d_2025_05_05_122417_create_brand_table"} 
[2025-05-05 12:25:54] migration-manager.INFO: Migration completed {"migration":"WB\\Parser\\Migration\\Migrations\\d_2025_05_05_122417_create_brand_table"} 
[2025-05-05 12:27:00] migration-manager.INFO: Migration created {"name":"d_2025_05_05_122700_create_brand_kafka","path":"/app/src/Migration/Migrations/d_2025_05_05_122700_create_brand_kafka.php"} 
[2025-05-05 12:28:50] migration-manager.INFO: Running migration {"migration":"WB\\Parser\\Migration\\Migrations\\d_2025_05_05_122700_create_brand_kafka"} 
[2025-05-05 12:28:50] migration-manager.INFO: Migration completed {"migration":"WB\\Parser\\Migration\\Migrations\\d_2025_05_05_122700_create_brand_kafka"} 
[2025-05-05 12:29:49] migration-manager.INFO: Resetting migration {"migration":"WB\\Parser\\Migration\\Migrations\\d_2025_05_05_122700_create_brand_kafka"} 
[2025-05-05 12:29:49] migration-manager.INFO: Reset completed {"migration":"WB\\Parser\\Migration\\Migrations\\d_2025_05_05_122700_create_brand_kafka"} 
[2025-05-05 12:29:49] migration-manager.INFO: Resetting migration {"migration":"WB\\Parser\\Migration\\Migrations\\d_2025_05_05_122417_create_brand_table"} 
[2025-05-05 12:29:49] migration-manager.INFO: Reset completed {"migration":"WB\\Parser\\Migration\\Migrations\\d_2025_05_05_122417_create_brand_table"} 
[2025-05-05 12:29:49] migration-manager.INFO: Resetting migration {"migration":"WB\\Parser\\Migration\\Migrations\\d_2025_05_05_122134_drop_old_brand"} 
[2025-05-05 12:29:49] migration-manager.ERROR: Reset failed {"migration":"WB\\Parser\\Migration\\Migrations\\d_2025_05_05_122134_drop_old_brand","error":"Empty query. (SYNTAX_ERROR) 
IN:
            -- Ваш SQL-код для отката миграции
        "} 
[2025-05-05 12:30:44] migration-manager.INFO: Running migration {"migration":"WB\\Parser\\Migration\\Migrations\\d_2025_05_05_122134_drop_old_brand"} 
[2025-05-05 12:30:44] migration-manager.INFO: Migration completed {"migration":"WB\\Parser\\Migration\\Migrations\\d_2025_05_05_122134_drop_old_brand"} 
[2025-05-05 12:30:44] migration-manager.INFO: Running migration {"migration":"WB\\Parser\\Migration\\Migrations\\d_2025_05_05_122417_create_brand_table"} 
[2025-05-05 12:30:44] migration-manager.INFO: Migration completed {"migration":"WB\\Parser\\Migration\\Migrations\\d_2025_05_05_122417_create_brand_table"} 
[2025-05-05 12:30:44] migration-manager.INFO: Running migration {"migration":"WB\\Parser\\Migration\\Migrations\\d_2025_05_05_122700_create_brand_kafka"} 
[2025-05-05 12:30:44] migration-manager.INFO: Migration completed {"migration":"WB\\Parser\\Migration\\Migrations\\d_2025_05_05_122700_create_brand_kafka"} 
[2025-05-05 12:31:33] migration-manager.INFO: Migration created {"name":"d_2025_05_05_123133_create_brand_mv","path":"/app/src/Migration/Migrations/d_2025_05_05_123133_create_brand_mv.php"} 
[2025-05-05 12:33:15] migration-manager.INFO: Running migration {"migration":"WB\\Parser\\Migration\\Migrations\\d_2025_05_05_123133_create_brand_mv"} 
[2025-05-05 12:33:15] migration-manager.INFO: Migration completed {"migration":"WB\\Parser\\Migration\\Migrations\\d_2025_05_05_123133_create_brand_mv"} 
