[2025-05-05 07:46:07] mock-kafka-producer.INFO: Initialized Mock Kafka Producer {"output_dir":"output","brokers":"kafka:9092","topics":{"brands":"brands","products":"products","quantities":"quantities"}} 
[2025-05-05 07:47:59] mock-kafka-producer.INFO: Initialized Mock Kafka Producer {"output_dir":"output","brokers":"kafka:9092","topics":{"brands":"brands","products":"products","quantities":"quantities"}} 
[2025-05-05 07:49:52] mock-kafka-producer.INFO: Initialized Mock Kafka Producer {"output_dir":"output","brokers":"kafka:9092","topics":{"brands":"brands","products":"products","quantities":"quantities"}} 
[2025-05-05 07:49:54] mock-kafka-producer.INFO: Brand data saved to file {"brand_id":1097,"brand_name":"Mock Brand a"} 
[2025-05-05 07:49:54] mock-kafka-producer.INFO: Brand data saved to file {"brand_id":2097,"brand_name":"Test Brand a"} 
[2025-05-05 07:49:56] mock-kafka-producer.INFO: Brand data saved to file {"brand_id":1098,"brand_name":"Mock Brand b"} 
[2025-05-05 07:49:56] mock-kafka-producer.INFO: Brand data saved to file {"brand_id":2098,"brand_name":"Test Brand b"} 
[2025-05-05 07:49:58] mock-kafka-producer.INFO: Brand data saved to file {"brand_id":1099,"brand_name":"Mock Brand c"} 
[2025-05-05 07:49:58] mock-kafka-producer.INFO: Brand data saved to file {"brand_id":2099,"brand_name":"Test Brand c"} 
[2025-05-05 07:50:00] mock-kafka-producer.INFO: Brand data saved to file {"brand_id":1100,"brand_name":"Mock Brand d"} 
[2025-05-05 07:50:00] mock-kafka-producer.INFO: Brand data saved to file {"brand_id":2100,"brand_name":"Test Brand d"} 
[2025-05-05 07:50:02] mock-kafka-producer.INFO: Brand data saved to file {"brand_id":1101,"brand_name":"Mock Brand e"} 
[2025-05-05 07:50:02] mock-kafka-producer.INFO: Brand data saved to file {"brand_id":2101,"brand_name":"Test Brand e"} 
[2025-05-05 07:50:04] mock-kafka-producer.INFO: Brand data saved to file {"brand_id":1102,"brand_name":"Mock Brand f"} 
[2025-05-05 07:50:04] mock-kafka-producer.INFO: Brand data saved to file {"brand_id":2102,"brand_name":"Test Brand f"} 
[2025-05-05 07:50:06] mock-kafka-producer.INFO: Brand data saved to file {"brand_id":1103,"brand_name":"Mock Brand g"} 
[2025-05-05 07:50:06] mock-kafka-producer.INFO: Brand data saved to file {"brand_id":2103,"brand_name":"Test Brand g"} 
[2025-05-05 07:50:08] mock-kafka-producer.INFO: Brand data saved to file {"brand_id":1104,"brand_name":"Mock Brand h"} 
[2025-05-05 07:50:08] mock-kafka-producer.INFO: Brand data saved to file {"brand_id":2104,"brand_name":"Test Brand h"} 
[2025-05-05 07:50:10] mock-kafka-producer.INFO: Brand data saved to file {"brand_id":1105,"brand_name":"Mock Brand i"} 
[2025-05-05 07:50:10] mock-kafka-producer.INFO: Brand data saved to file {"brand_id":2105,"brand_name":"Test Brand i"} 
[2025-05-05 07:50:12] mock-kafka-producer.INFO: Brand data saved to file {"brand_id":1106,"brand_name":"Mock Brand j"} 
[2025-05-05 07:50:12] mock-kafka-producer.INFO: Brand data saved to file {"brand_id":2106,"brand_name":"Test Brand j"} 
[2025-05-05 07:50:14] mock-kafka-producer.INFO: Brand data saved to file {"brand_id":1107,"brand_name":"Mock Brand k"} 
[2025-05-05 07:50:14] mock-kafka-producer.INFO: Brand data saved to file {"brand_id":2107,"brand_name":"Test Brand k"} 
[2025-05-05 07:50:16] mock-kafka-producer.INFO: Brand data saved to file {"brand_id":1108,"brand_name":"Mock Brand l"} 
[2025-05-05 07:50:16] mock-kafka-producer.INFO: Brand data saved to file {"brand_id":2108,"brand_name":"Test Brand l"} 
[2025-05-05 07:50:18] mock-kafka-producer.INFO: Brand data saved to file {"brand_id":1109,"brand_name":"Mock Brand m"} 
[2025-05-05 07:50:18] mock-kafka-producer.INFO: Brand data saved to file {"brand_id":2109,"brand_name":"Test Brand m"} 
[2025-05-05 07:50:20] mock-kafka-producer.INFO: Brand data saved to file {"brand_id":1110,"brand_name":"Mock Brand n"} 
[2025-05-05 07:50:20] mock-kafka-producer.INFO: Brand data saved to file {"brand_id":2110,"brand_name":"Test Brand n"} 
[2025-05-05 07:50:22] mock-kafka-producer.INFO: Brand data saved to file {"brand_id":1111,"brand_name":"Mock Brand o"} 
[2025-05-05 07:50:22] mock-kafka-producer.INFO: Brand data saved to file {"brand_id":2111,"brand_name":"Test Brand o"} 
[2025-05-05 07:50:24] mock-kafka-producer.INFO: Brand data saved to file {"brand_id":1112,"brand_name":"Mock Brand p"} 
[2025-05-05 07:50:24] mock-kafka-producer.INFO: Brand data saved to file {"brand_id":2112,"brand_name":"Test Brand p"} 
[2025-05-05 07:50:26] mock-kafka-producer.INFO: Brand data saved to file {"brand_id":1113,"brand_name":"Mock Brand q"} 
[2025-05-05 07:50:26] mock-kafka-producer.INFO: Brand data saved to file {"brand_id":2113,"brand_name":"Test Brand q"} 
[2025-05-05 07:50:28] mock-kafka-producer.INFO: Brand data saved to file {"brand_id":1114,"brand_name":"Mock Brand r"} 
[2025-05-05 07:50:28] mock-kafka-producer.INFO: Brand data saved to file {"brand_id":2114,"brand_name":"Test Brand r"} 
[2025-05-05 07:50:30] mock-kafka-producer.INFO: Brand data saved to file {"brand_id":1115,"brand_name":"Mock Brand s"} 
[2025-05-05 07:50:30] mock-kafka-producer.INFO: Brand data saved to file {"brand_id":2115,"brand_name":"Test Brand s"} 
[2025-05-05 07:50:32] mock-kafka-producer.INFO: Brand data saved to file {"brand_id":1116,"brand_name":"Mock Brand t"} 
[2025-05-05 07:50:32] mock-kafka-producer.INFO: Brand data saved to file {"brand_id":2116,"brand_name":"Test Brand t"} 
[2025-05-05 07:50:34] mock-kafka-producer.INFO: Brand data saved to file {"brand_id":1117,"brand_name":"Mock Brand u"} 
[2025-05-05 07:50:34] mock-kafka-producer.INFO: Brand data saved to file {"brand_id":2117,"brand_name":"Test Brand u"} 
[2025-05-05 07:50:36] mock-kafka-producer.INFO: Brand data saved to file {"brand_id":1118,"brand_name":"Mock Brand v"} 
[2025-05-05 07:50:36] mock-kafka-producer.INFO: Brand data saved to file {"brand_id":2118,"brand_name":"Test Brand v"} 
[2025-05-05 07:50:37] mock-kafka-producer.INFO: Brand data saved to file {"brand_id":1119,"brand_name":"Mock Brand w"} 
[2025-05-05 07:50:37] mock-kafka-producer.INFO: Brand data saved to file {"brand_id":2119,"brand_name":"Test Brand w"} 
[2025-05-05 07:50:39] mock-kafka-producer.INFO: Brand data saved to file {"brand_id":1120,"brand_name":"Mock Brand x"} 
[2025-05-05 07:50:39] mock-kafka-producer.INFO: Brand data saved to file {"brand_id":2120,"brand_name":"Test Brand x"} 
[2025-05-05 07:50:41] mock-kafka-producer.INFO: Brand data saved to file {"brand_id":1121,"brand_name":"Mock Brand y"} 
[2025-05-05 07:50:41] mock-kafka-producer.INFO: Brand data saved to file {"brand_id":2121,"brand_name":"Test Brand y"} 
[2025-05-05 07:50:43] mock-kafka-producer.INFO: Brand data saved to file {"brand_id":1122,"brand_name":"Mock Brand z"} 
[2025-05-05 07:50:43] mock-kafka-producer.INFO: Brand data saved to file {"brand_id":2122,"brand_name":"Test Brand z"} 
[2025-05-05 07:50:47] mock-kafka-producer.INFO: Brand data saved to file {"brand_id":1208,"brand_name":"Mock Brand а-я"} 
[2025-05-05 07:50:47] mock-kafka-producer.INFO: Brand data saved to file {"brand_id":2208,"brand_name":"Test Brand а-я"} 
[2025-05-05 07:50:49] mock-kafka-producer.INFO: Brand data saved to file {"brand_id":1049,"brand_name":"Mock Brand 123"} 
[2025-05-05 07:50:49] mock-kafka-producer.INFO: Brand data saved to file {"brand_id":2049,"brand_name":"Test Brand 123"} 
[2025-05-05 07:50:49] mock-kafka-producer.INFO: Mock Kafka Producer closed  
[2025-05-05 10:05:33] mock-kafka-producer.INFO: Initialized Mock Kafka Producer {"output_dir":"output","brokers":"kafka:9092","topics":{"brands":"brands","products":"products","quantities":"quantities"}} 
[2025-05-05 10:05:52] mock-kafka-producer.INFO: Brand data saved to file {"brand_id":1097,"brand_name":"Mock Brand a"} 
[2025-05-05 10:05:52] mock-kafka-producer.INFO: Brand data saved to file {"brand_id":2097,"brand_name":"Test Brand a"} 
[2025-05-05 10:05:55] mock-kafka-producer.INFO: Brand data saved to file {"brand_id":1098,"brand_name":"Mock Brand b"} 
[2025-05-05 10:05:55] mock-kafka-producer.INFO: Brand data saved to file {"brand_id":2098,"brand_name":"Test Brand b"} 
[2025-05-05 10:06:28] mock-kafka-producer.INFO: Brand data saved to file {"brand_id":1099,"brand_name":"Mock Brand c"} 
[2025-05-05 10:06:28] mock-kafka-producer.INFO: Brand data saved to file {"brand_id":2099,"brand_name":"Test Brand c"} 
[2025-05-05 10:06:31] mock-kafka-producer.INFO: Brand data saved to file {"brand_id":1100,"brand_name":"Mock Brand d"} 
[2025-05-05 10:06:31] mock-kafka-producer.INFO: Brand data saved to file {"brand_id":2100,"brand_name":"Test Brand d"} 
[2025-05-05 10:07:05] mock-kafka-producer.INFO: Brand data saved to file {"brand_id":1101,"brand_name":"Mock Brand e"} 
[2025-05-05 10:07:05] mock-kafka-producer.INFO: Brand data saved to file {"brand_id":2101,"brand_name":"Test Brand e"} 
[2025-05-05 10:07:10] mock-kafka-producer.INFO: Brand data saved to file {"brand_id":1102,"brand_name":"Mock Brand f"} 
[2025-05-05 10:07:10] mock-kafka-producer.INFO: Brand data saved to file {"brand_id":2102,"brand_name":"Test Brand f"} 
[2025-05-05 10:07:13] mock-kafka-producer.INFO: Brand data saved to file {"brand_id":1103,"brand_name":"Mock Brand g"} 
[2025-05-05 10:07:13] mock-kafka-producer.INFO: Brand data saved to file {"brand_id":2103,"brand_name":"Test Brand g"} 
[2025-05-05 10:07:15] mock-kafka-producer.INFO: Brand data saved to file {"brand_id":1104,"brand_name":"Mock Brand h"} 
[2025-05-05 10:07:15] mock-kafka-producer.INFO: Brand data saved to file {"brand_id":2104,"brand_name":"Test Brand h"} 
[2025-05-05 10:07:17] mock-kafka-producer.INFO: Brand data saved to file {"brand_id":1105,"brand_name":"Mock Brand i"} 
[2025-05-05 10:07:17] mock-kafka-producer.INFO: Brand data saved to file {"brand_id":2105,"brand_name":"Test Brand i"} 
[2025-05-05 10:07:19] mock-kafka-producer.INFO: Brand data saved to file {"brand_id":1106,"brand_name":"Mock Brand j"} 
[2025-05-05 10:07:19] mock-kafka-producer.INFO: Brand data saved to file {"brand_id":2106,"brand_name":"Test Brand j"} 
[2025-05-05 10:07:21] mock-kafka-producer.INFO: Brand data saved to file {"brand_id":1107,"brand_name":"Mock Brand k"} 
[2025-05-05 10:07:21] mock-kafka-producer.INFO: Brand data saved to file {"brand_id":2107,"brand_name":"Test Brand k"} 
[2025-05-05 10:07:24] mock-kafka-producer.INFO: Brand data saved to file {"brand_id":1108,"brand_name":"Mock Brand l"} 
[2025-05-05 10:07:24] mock-kafka-producer.INFO: Brand data saved to file {"brand_id":2108,"brand_name":"Test Brand l"} 
[2025-05-05 10:07:26] mock-kafka-producer.INFO: Brand data saved to file {"brand_id":1109,"brand_name":"Mock Brand m"} 
[2025-05-05 10:07:26] mock-kafka-producer.INFO: Brand data saved to file {"brand_id":2109,"brand_name":"Test Brand m"} 
[2025-05-05 10:07:29] mock-kafka-producer.INFO: Brand data saved to file {"brand_id":1110,"brand_name":"Mock Brand n"} 
[2025-05-05 10:07:29] mock-kafka-producer.INFO: Brand data saved to file {"brand_id":2110,"brand_name":"Test Brand n"} 
